[2016-11-18 23:40:43][DEBUG][org.frameworkset.spi.assemble.ProviderManagerInfo] class org.frameworkset.spi.interceptor.InterceptorFacttoryImpl not found in classpath,use DummyInterceptorFacttory. 
[2016-11-18 23:40:43][DEBUG][org.frameworkset.spi.BaseApplicationContext] Unable to locate MessageSource with name 'messageSource': using default [org.frameworkset.spi.support.DelegatingMessageSource]
[2016-11-18 23:40:43][ERROR][org.frameworkset.web.token.TokenService] 加载认证证书certificate异常
java.lang.ArrayIndexOutOfBoundsException: 1
	at org.frameworkset.web.token.TokenService.initAuth(TokenService.java:192)
	at org.frameworkset.web.token.TokenService.init(TokenService.java:311)
	at org.frameworkset.web.token.TokenService.afterPropertiesSet(TokenService.java:917)
	at sun.reflect.NativeMethodAccessorImpl.invoke0(Native Method)
	at sun.reflect.NativeMethodAccessorImpl.invoke(NativeMethodAccessorImpl.java:62)
	at sun.reflect.DelegatingMethodAccessorImpl.invoke(DelegatingMethodAccessorImpl.java:43)
	at java.lang.reflect.Method.invoke(Method.java:498)
	at org.frameworkset.spi.assemble.BeanAccembleHelper.afterPropertiesSet(BeanAccembleHelper.java:1903)
	at org.frameworkset.spi.assemble.BeanAccembleHelper.initBean(BeanAccembleHelper.java:1839)
	at org.frameworkset.spi.BaseApplicationContext.initBean(BaseApplicationContext.java:2128)
	at org.frameworkset.spi.assemble.BeanAccembleHelper.getBeanFromClass(BeanAccembleHelper.java:1759)
	at org.frameworkset.spi.assemble.BeanAccembleHelper.getBeanFromClass(BeanAccembleHelper.java:1588)
	at org.frameworkset.spi.assemble.BeanAccembleHelper.getBean(BeanAccembleHelper.java:1795)
	at org.frameworkset.spi.assemble.Pro._initBean(Pro.java:2154)
	at org.frameworkset.spi.assemble.Pro._buildBean(Pro.java:287)
	at org.frameworkset.spi.assemble.Pro.getBean(Pro.java:304)
	at org.frameworkset.spi.assemble.Pro.getTrueValue_(Pro.java:1101)
	at org.frameworkset.spi.assemble.Pro.getTrueValue(Pro.java:941)
	at org.frameworkset.spi.assemble.Pro.getTrueValue(Pro.java:917)
	at org.frameworkset.spi.assemble.Pro.getBeanObject(Pro.java:1525)
	at org.frameworkset.spi.assemble.ServiceProviderManager.getBeanObject(ServiceProviderManager.java:1000)
	at org.frameworkset.spi.BaseApplicationContext.getBeanObject(BaseApplicationContext.java:1736)
	at org.frameworkset.spi.BaseApplicationContext.getBeanObject(BaseApplicationContext.java:1641)
	at org.frameworkset.spi.BaseApplicationContext.getBeanObject(BaseApplicationContext.java:1424)
	at org.frameworkset.spi.BaseApplicationContext.getTBeanObject(BaseApplicationContext.java:1416)
	at org.frameworkset.web.token.TokenHelper.init(TokenHelper.java:81)
	at org.frameworkset.web.token.TokenHelper.getTokenService(TokenHelper.java:114)
	at org.frameworkset.web.auth.AuthorHelper.decodeMessageResponse(AuthorHelper.java:166)
	at org.apache.jsp.appb_jsp._jspService(appb_jsp.java:61)
	at org.apache.jasper.runtime.HttpJspBase.service(HttpJspBase.java:111)
	at javax.servlet.http.HttpServlet.service(HttpServlet.java:848)
	at org.apache.jasper.servlet.JspServletWrapper.service(JspServletWrapper.java:403)
	at org.apache.jasper.servlet.JspServlet.serviceJspFile(JspServlet.java:492)
	at org.apache.jasper.servlet.JspServlet.service(JspServlet.java:378)
	at javax.servlet.http.HttpServlet.service(HttpServlet.java:848)
	at org.eclipse.jetty.servlet.ServletHolder.handle(ServletHolder.java:684)
	at org.eclipse.jetty.servlet.ServletHandler.doHandle(ServletHandler.java:501)
	at org.eclipse.jetty.server.handler.ScopedHandler.handle(ScopedHandler.java:137)
	at org.eclipse.jetty.security.SecurityHandler.handle(SecurityHandler.java:557)
	at org.eclipse.jetty.server.session.SessionHandler.doHandle(SessionHandler.java:231)
	at org.eclipse.jetty.server.handler.ContextHandler.doHandle(ContextHandler.java:1086)
	at org.eclipse.jetty.servlet.ServletHandler.doScope(ServletHandler.java:428)
	at org.eclipse.jetty.server.session.SessionHandler.doScope(SessionHandler.java:193)
	at org.eclipse.jetty.server.handler.ContextHandler.doScope(ContextHandler.java:1020)
	at org.eclipse.jetty.server.handler.ScopedHandler.handle(ScopedHandler.java:135)
	at org.eclipse.jetty.server.handler.HandlerWrapper.handle(HandlerWrapper.java:116)
	at org.eclipse.jetty.server.Server.handle(Server.java:370)
	at org.eclipse.jetty.server.AbstractHttpConnection.handleRequest(AbstractHttpConnection.java:494)
	at org.eclipse.jetty.server.AbstractHttpConnection.headerComplete(AbstractHttpConnection.java:971)
	at org.eclipse.jetty.server.AbstractHttpConnection$RequestHandler.headerComplete(AbstractHttpConnection.java:1033)
	at org.eclipse.jetty.http.HttpParser.parseNext(HttpParser.java:644)
	at org.eclipse.jetty.http.HttpParser.parseAvailable(HttpParser.java:235)
	at org.eclipse.jetty.server.AsyncHttpConnection.handle(AsyncHttpConnection.java:82)
	at org.eclipse.jetty.io.nio.SelectChannelEndPoint.handle(SelectChannelEndPoint.java:667)
	at org.eclipse.jetty.io.nio.SelectChannelEndPoint$1.run(SelectChannelEndPoint.java:52)
	at org.eclipse.jetty.util.thread.QueuedThreadPool.runJob(QueuedThreadPool.java:608)
	at org.eclipse.jetty.util.thread.QueuedThreadPool$3.run(QueuedThreadPool.java:543)
	at java.lang.Thread.run(Thread.java:745)
[2016-11-18 23:47:38][DEBUG][org.frameworkset.spi.assemble.ProviderManagerInfo] class org.frameworkset.spi.interceptor.InterceptorFacttoryImpl not found in classpath,use DummyInterceptorFacttory. 
[2016-11-18 23:47:38][DEBUG][org.frameworkset.spi.BaseApplicationContext] Unable to locate MessageSource with name 'messageSource': using default [org.frameworkset.spi.support.DelegatingMessageSource]
[2016-11-18 23:47:38][ERROR][org.frameworkset.web.token.TokenService] 加载认证证书certificate异常
java.lang.ArrayIndexOutOfBoundsException: 1
	at org.frameworkset.web.token.TokenService.initAuth(TokenService.java:192)
	at org.frameworkset.web.token.TokenService.init(TokenService.java:311)
	at org.frameworkset.web.token.TokenService.afterPropertiesSet(TokenService.java:917)
	at sun.reflect.NativeMethodAccessorImpl.invoke0(Native Method)
	at sun.reflect.NativeMethodAccessorImpl.invoke(NativeMethodAccessorImpl.java:62)
	at sun.reflect.DelegatingMethodAccessorImpl.invoke(DelegatingMethodAccessorImpl.java:43)
	at java.lang.reflect.Method.invoke(Method.java:498)
	at org.frameworkset.spi.assemble.BeanAccembleHelper.afterPropertiesSet(BeanAccembleHelper.java:1903)
	at org.frameworkset.spi.assemble.BeanAccembleHelper.initBean(BeanAccembleHelper.java:1839)
	at org.frameworkset.spi.BaseApplicationContext.initBean(BaseApplicationContext.java:2128)
	at org.frameworkset.spi.assemble.BeanAccembleHelper.getBeanFromClass(BeanAccembleHelper.java:1759)
	at org.frameworkset.spi.assemble.BeanAccembleHelper.getBeanFromClass(BeanAccembleHelper.java:1588)
	at org.frameworkset.spi.assemble.BeanAccembleHelper.getBean(BeanAccembleHelper.java:1795)
	at org.frameworkset.spi.assemble.Pro._initBean(Pro.java:2154)
	at org.frameworkset.spi.assemble.Pro._buildBean(Pro.java:287)
	at org.frameworkset.spi.assemble.Pro.getBean(Pro.java:304)
	at org.frameworkset.spi.assemble.Pro.getTrueValue_(Pro.java:1101)
	at org.frameworkset.spi.assemble.Pro.getTrueValue(Pro.java:941)
	at org.frameworkset.spi.assemble.Pro.getTrueValue(Pro.java:917)
	at org.frameworkset.spi.assemble.Pro.getBeanObject(Pro.java:1525)
	at org.frameworkset.spi.assemble.ServiceProviderManager.getBeanObject(ServiceProviderManager.java:1000)
	at org.frameworkset.spi.BaseApplicationContext.getBeanObject(BaseApplicationContext.java:1736)
	at org.frameworkset.spi.BaseApplicationContext.getBeanObject(BaseApplicationContext.java:1641)
	at org.frameworkset.spi.BaseApplicationContext.getBeanObject(BaseApplicationContext.java:1424)
	at org.frameworkset.spi.BaseApplicationContext.getTBeanObject(BaseApplicationContext.java:1416)
	at org.frameworkset.web.token.TokenHelper.init(TokenHelper.java:81)
	at org.frameworkset.web.token.TokenHelper.getTokenService(TokenHelper.java:114)
	at org.frameworkset.web.auth.AuthorHelper.decodeMessageResponse(AuthorHelper.java:166)
	at org.apache.jsp.appb_jsp._jspService(appb_jsp.java:61)
	at org.apache.jasper.runtime.HttpJspBase.service(HttpJspBase.java:111)
	at javax.servlet.http.HttpServlet.service(HttpServlet.java:848)
	at org.apache.jasper.servlet.JspServletWrapper.service(JspServletWrapper.java:403)
	at org.apache.jasper.servlet.JspServlet.serviceJspFile(JspServlet.java:492)
	at org.apache.jasper.servlet.JspServlet.service(JspServlet.java:378)
	at javax.servlet.http.HttpServlet.service(HttpServlet.java:848)
	at org.eclipse.jetty.servlet.ServletHolder.handle(ServletHolder.java:684)
	at org.eclipse.jetty.servlet.ServletHandler.doHandle(ServletHandler.java:501)
	at org.eclipse.jetty.server.handler.ScopedHandler.handle(ScopedHandler.java:137)
	at org.eclipse.jetty.security.SecurityHandler.handle(SecurityHandler.java:557)
	at org.eclipse.jetty.server.session.SessionHandler.doHandle(SessionHandler.java:231)
	at org.eclipse.jetty.server.handler.ContextHandler.doHandle(ContextHandler.java:1086)
	at org.eclipse.jetty.servlet.ServletHandler.doScope(ServletHandler.java:428)
	at org.eclipse.jetty.server.session.SessionHandler.doScope(SessionHandler.java:193)
	at org.eclipse.jetty.server.handler.ContextHandler.doScope(ContextHandler.java:1020)
	at org.eclipse.jetty.server.handler.ScopedHandler.handle(ScopedHandler.java:135)
	at org.eclipse.jetty.server.handler.HandlerWrapper.handle(HandlerWrapper.java:116)
	at org.eclipse.jetty.server.Server.handle(Server.java:370)
	at org.eclipse.jetty.server.AbstractHttpConnection.handleRequest(AbstractHttpConnection.java:494)
	at org.eclipse.jetty.server.AbstractHttpConnection.headerComplete(AbstractHttpConnection.java:971)
	at org.eclipse.jetty.server.AbstractHttpConnection$RequestHandler.headerComplete(AbstractHttpConnection.java:1033)
	at org.eclipse.jetty.http.HttpParser.parseNext(HttpParser.java:644)
	at org.eclipse.jetty.http.HttpParser.parseAvailable(HttpParser.java:235)
	at org.eclipse.jetty.server.AsyncHttpConnection.handle(AsyncHttpConnection.java:82)
	at org.eclipse.jetty.io.nio.SelectChannelEndPoint.handle(SelectChannelEndPoint.java:667)
	at org.eclipse.jetty.io.nio.SelectChannelEndPoint$1.run(SelectChannelEndPoint.java:52)
	at org.eclipse.jetty.util.thread.QueuedThreadPool.runJob(QueuedThreadPool.java:608)
	at org.eclipse.jetty.util.thread.QueuedThreadPool$3.run(QueuedThreadPool.java:543)
	at java.lang.Thread.run(Thread.java:745)
[2016-11-18 23:49:44][DEBUG][org.frameworkset.spi.assemble.ProviderManagerInfo] class org.frameworkset.spi.interceptor.InterceptorFacttoryImpl not found in classpath,use DummyInterceptorFacttory. 
[2016-11-18 23:49:44][DEBUG][org.frameworkset.spi.BaseApplicationContext] Unable to locate MessageSource with name 'messageSource': using default [org.frameworkset.spi.support.DelegatingMessageSource]
[2016-11-18 23:49:44][ERROR][org.frameworkset.web.token.TokenService] 加载认证证书token.certificate失败：
java.lang.ArrayIndexOutOfBoundsException: 1
	at org.frameworkset.web.token.TokenService.initAuth(TokenService.java:192)
	at org.frameworkset.web.token.TokenService.init(TokenService.java:311)
	at org.frameworkset.web.token.TokenService.afterPropertiesSet(TokenService.java:917)
	at sun.reflect.NativeMethodAccessorImpl.invoke0(Native Method)
	at sun.reflect.NativeMethodAccessorImpl.invoke(NativeMethodAccessorImpl.java:62)
	at sun.reflect.DelegatingMethodAccessorImpl.invoke(DelegatingMethodAccessorImpl.java:43)
	at java.lang.reflect.Method.invoke(Method.java:498)
	at org.frameworkset.spi.assemble.BeanAccembleHelper.afterPropertiesSet(BeanAccembleHelper.java:1903)
	at org.frameworkset.spi.assemble.BeanAccembleHelper.initBean(BeanAccembleHelper.java:1839)
	at org.frameworkset.spi.BaseApplicationContext.initBean(BaseApplicationContext.java:2128)
	at org.frameworkset.spi.assemble.BeanAccembleHelper.getBeanFromClass(BeanAccembleHelper.java:1759)
	at org.frameworkset.spi.assemble.BeanAccembleHelper.getBeanFromClass(BeanAccembleHelper.java:1588)
	at org.frameworkset.spi.assemble.BeanAccembleHelper.getBean(BeanAccembleHelper.java:1795)
	at org.frameworkset.spi.assemble.Pro._initBean(Pro.java:2154)
	at org.frameworkset.spi.assemble.Pro._buildBean(Pro.java:287)
	at org.frameworkset.spi.assemble.Pro.getBean(Pro.java:304)
	at org.frameworkset.spi.assemble.Pro.getTrueValue_(Pro.java:1101)
	at org.frameworkset.spi.assemble.Pro.getTrueValue(Pro.java:941)
	at org.frameworkset.spi.assemble.Pro.getTrueValue(Pro.java:917)
	at org.frameworkset.spi.assemble.Pro.getBeanObject(Pro.java:1525)
	at org.frameworkset.spi.assemble.ServiceProviderManager.getBeanObject(ServiceProviderManager.java:1000)
	at org.frameworkset.spi.BaseApplicationContext.getBeanObject(BaseApplicationContext.java:1736)
	at org.frameworkset.spi.BaseApplicationContext.getBeanObject(BaseApplicationContext.java:1641)
	at org.frameworkset.spi.BaseApplicationContext.getBeanObject(BaseApplicationContext.java:1424)
	at org.frameworkset.spi.BaseApplicationContext.getTBeanObject(BaseApplicationContext.java:1416)
	at org.frameworkset.web.token.TokenHelper.init(TokenHelper.java:81)
	at org.frameworkset.web.token.TokenHelper.getTokenService(TokenHelper.java:114)
	at org.frameworkset.web.auth.AuthorHelper.decodeMessageResponse(AuthorHelper.java:166)
	at org.apache.jsp.appb_jsp._jspService(appb_jsp.java:61)
	at org.apache.jasper.runtime.HttpJspBase.service(HttpJspBase.java:111)
	at javax.servlet.http.HttpServlet.service(HttpServlet.java:848)
	at org.apache.jasper.servlet.JspServletWrapper.service(JspServletWrapper.java:403)
	at org.apache.jasper.servlet.JspServlet.serviceJspFile(JspServlet.java:492)
	at org.apache.jasper.servlet.JspServlet.service(JspServlet.java:378)
	at javax.servlet.http.HttpServlet.service(HttpServlet.java:848)
	at org.eclipse.jetty.servlet.ServletHolder.handle(ServletHolder.java:684)
	at org.eclipse.jetty.servlet.ServletHandler.doHandle(ServletHandler.java:501)
	at org.eclipse.jetty.server.handler.ScopedHandler.handle(ScopedHandler.java:137)
	at org.eclipse.jetty.security.SecurityHandler.handle(SecurityHandler.java:557)
	at org.eclipse.jetty.server.session.SessionHandler.doHandle(SessionHandler.java:231)
	at org.eclipse.jetty.server.handler.ContextHandler.doHandle(ContextHandler.java:1086)
	at org.eclipse.jetty.servlet.ServletHandler.doScope(ServletHandler.java:428)
	at org.eclipse.jetty.server.session.SessionHandler.doScope(SessionHandler.java:193)
	at org.eclipse.jetty.server.handler.ContextHandler.doScope(ContextHandler.java:1020)
	at org.eclipse.jetty.server.handler.ScopedHandler.handle(ScopedHandler.java:135)
	at org.eclipse.jetty.server.handler.HandlerWrapper.handle(HandlerWrapper.java:116)
	at org.eclipse.jetty.server.Server.handle(Server.java:370)
	at org.eclipse.jetty.server.AbstractHttpConnection.handleRequest(AbstractHttpConnection.java:494)
	at org.eclipse.jetty.server.AbstractHttpConnection.headerComplete(AbstractHttpConnection.java:971)
	at org.eclipse.jetty.server.AbstractHttpConnection$RequestHandler.headerComplete(AbstractHttpConnection.java:1033)
	at org.eclipse.jetty.http.HttpParser.parseNext(HttpParser.java:644)
	at org.eclipse.jetty.http.HttpParser.parseAvailable(HttpParser.java:235)
	at org.eclipse.jetty.server.AsyncHttpConnection.handle(AsyncHttpConnection.java:82)
	at org.eclipse.jetty.io.nio.SelectChannelEndPoint.handle(SelectChannelEndPoint.java:667)
	at org.eclipse.jetty.io.nio.SelectChannelEndPoint$1.run(SelectChannelEndPoint.java:52)
	at org.eclipse.jetty.util.thread.QueuedThreadPool.runJob(QueuedThreadPool.java:608)
	at org.eclipse.jetty.util.thread.QueuedThreadPool$3.run(QueuedThreadPool.java:543)
	at java.lang.Thread.run(Thread.java:745)
[2016-11-18 23:50:11][DEBUG][org.frameworkset.spi.assemble.ProviderManagerInfo] class org.frameworkset.spi.interceptor.InterceptorFacttoryImpl not found in classpath,use DummyInterceptorFacttory. 
[2016-11-18 23:50:11][DEBUG][org.frameworkset.spi.BaseApplicationContext] Unable to locate MessageSource with name 'messageSource': using default [org.frameworkset.spi.support.DelegatingMessageSource]
[2016-11-18 23:50:11][DEBUG][org.frameworkset.web.token.TokenService] 加载认证证书[token.certificate]完毕.
[2016-11-19 10:20:46][DEBUG][org.frameworkset.spi.assemble.ProviderManagerInfo] class org.frameworkset.spi.interceptor.InterceptorFacttoryImpl not found in classpath,use DummyInterceptorFacttory. 
[2016-11-19 10:20:46][DEBUG][org.frameworkset.spi.BaseApplicationContext] Unable to locate MessageSource with name 'messageSource': using default [org.frameworkset.spi.support.DelegatingMessageSource]
[2016-11-19 10:20:47][DEBUG][org.frameworkset.web.token.TokenService] 加载认证证书[token.certificate]完毕.
[2016-11-19 10:49:32][DEBUG][org.frameworkset.spi.assemble.ProviderManagerInfo] class org.frameworkset.spi.interceptor.InterceptorFacttoryImpl not found in classpath,use DummyInterceptorFacttory. 
[2016-11-19 10:49:33][DEBUG][org.frameworkset.spi.BaseApplicationContext] Unable to locate MessageSource with name 'messageSource': using default [org.frameworkset.spi.support.DelegatingMessageSource]
[2016-11-19 10:49:33][DEBUG][org.frameworkset.web.token.TokenService] 加载认证证书[token.certificate]完毕.
[2016-11-19 12:40:58][DEBUG][org.frameworkset.spi.assemble.ProviderManagerInfo] class org.frameworkset.spi.interceptor.InterceptorFacttoryImpl not found in classpath,use DummyInterceptorFacttory. 
[2016-11-19 12:40:58][DEBUG][org.frameworkset.spi.BaseApplicationContext] Unable to locate MessageSource with name 'messageSource': using default [org.frameworkset.spi.support.DelegatingMessageSource]
[2016-11-19 12:40:58][DEBUG][org.frameworkset.web.token.TokenService] 加载认证证书[token.certificate]完毕.
[2016-11-21 14:52:25][DEBUG][org.frameworkset.spi.assemble.ProviderManagerInfo] class org.frameworkset.spi.interceptor.InterceptorFacttoryImpl not found in classpath,use DummyInterceptorFacttory. 
[2016-11-21 14:52:25][DEBUG][org.frameworkset.spi.BaseApplicationContext] Unable to locate MessageSource with name 'messageSource': using default [org.frameworkset.spi.support.DelegatingMessageSource]
[2016-11-21 14:52:25][DEBUG][org.frameworkset.web.token.TokenService] 加载认证证书[token.certificate]完毕.
[2016-11-21 17:27:29][DEBUG][org.frameworkset.spi.assemble.ProviderManagerInfo] class org.frameworkset.spi.interceptor.InterceptorFacttoryImpl not found in classpath,use DummyInterceptorFacttory. 
[2016-11-21 17:27:29][DEBUG][org.frameworkset.spi.BaseApplicationContext] Unable to locate MessageSource with name 'messageSource': using default [org.frameworkset.spi.support.DelegatingMessageSource]
[2016-11-21 17:27:29][DEBUG][org.frameworkset.web.token.TokenService] 加载认证证书[token.certificate]完毕.
[2016-11-21 17:57:51][DEBUG][org.frameworkset.spi.assemble.ProviderManagerInfo] class org.frameworkset.spi.interceptor.InterceptorFacttoryImpl not found in classpath,use DummyInterceptorFacttory. 
[2016-11-21 17:57:51][DEBUG][org.frameworkset.spi.BaseApplicationContext] Unable to locate MessageSource with name 'messageSource': using default [org.frameworkset.spi.support.DelegatingMessageSource]
[2016-11-21 17:57:51][DEBUG][org.frameworkset.spi.BaseApplicationContext] Unable to locate MessageSource with name 'messageSource': using default [org.frameworkset.spi.support.DelegatingMessageSource]
[2016-11-21 17:57:51][DEBUG][org.frameworkset.spi.BaseApplicationContext] Unable to locate MessageSource with name 'messageSource': using default [org.frameworkset.spi.support.DelegatingMessageSource]
[2016-11-21 17:57:52][DEBUG][org.frameworkset.spi.BaseApplicationContext] Unable to locate MessageSource with name 'messageSource': using default [org.frameworkset.spi.support.DelegatingMessageSource]
[2016-11-21 17:57:52][DEBUG][org.frameworkset.web.token.TokenService] 加载认证证书[token.certificate]完毕.
[2016-11-21 18:04:45][DEBUG][org.frameworkset.spi.assemble.ProviderManagerInfo] class org.frameworkset.spi.interceptor.InterceptorFacttoryImpl not found in classpath,use DummyInterceptorFacttory. 
[2016-11-21 18:04:45][DEBUG][org.frameworkset.spi.BaseApplicationContext] Unable to locate MessageSource with name 'messageSource': using default [org.frameworkset.spi.support.DelegatingMessageSource]
[2016-11-21 18:04:45][DEBUG][org.frameworkset.spi.BaseApplicationContext] Unable to locate MessageSource with name 'messageSource': using default [org.frameworkset.spi.support.DelegatingMessageSource]
[2016-11-21 18:04:45][DEBUG][org.frameworkset.spi.BaseApplicationContext] Unable to locate MessageSource with name 'messageSource': using default [org.frameworkset.spi.support.DelegatingMessageSource]
[2016-11-21 18:05:25][DEBUG][org.frameworkset.spi.BaseApplicationContext] Unable to locate MessageSource with name 'messageSource': using default [org.frameworkset.spi.support.DelegatingMessageSource]
[2016-11-21 18:05:25][DEBUG][org.frameworkset.web.token.TokenService] 加载认证证书[token.certificate]完毕.
[2016-11-21 18:40:34][DEBUG][org.frameworkset.spi.assemble.ProviderManagerInfo] class org.frameworkset.spi.interceptor.InterceptorFacttoryImpl not found in classpath,use DummyInterceptorFacttory. 
[2016-11-21 18:40:34][DEBUG][org.frameworkset.spi.BaseApplicationContext] Unable to locate MessageSource with name 'messageSource': using default [org.frameworkset.spi.support.DelegatingMessageSource]
[2016-11-21 18:40:34][DEBUG][org.frameworkset.spi.BaseApplicationContext] Unable to locate MessageSource with name 'messageSource': using default [org.frameworkset.spi.support.DelegatingMessageSource]
[2016-11-21 18:40:34][DEBUG][org.frameworkset.spi.BaseApplicationContext] Unable to locate MessageSource with name 'messageSource': using default [org.frameworkset.spi.support.DelegatingMessageSource]
[2016-11-21 18:40:47][DEBUG][org.frameworkset.spi.BaseApplicationContext] Unable to locate MessageSource with name 'messageSource': using default [org.frameworkset.spi.support.DelegatingMessageSource]
[2016-11-21 18:40:47][DEBUG][org.frameworkset.web.token.TokenService] 加载认证证书[token.certificate]完毕.
[2016-11-21 20:12:13][DEBUG][org.frameworkset.spi.assemble.ProviderManagerInfo] class org.frameworkset.spi.interceptor.InterceptorFacttoryImpl not found in classpath,use DummyInterceptorFacttory. 
[2016-11-21 20:12:13][DEBUG][org.frameworkset.spi.BaseApplicationContext] Unable to locate MessageSource with name 'messageSource': using default [org.frameworkset.spi.support.DelegatingMessageSource]
[2016-11-21 20:12:13][DEBUG][org.frameworkset.spi.BaseApplicationContext] Unable to locate MessageSource with name 'messageSource': using default [org.frameworkset.spi.support.DelegatingMessageSource]
[2016-11-21 20:12:13][DEBUG][org.frameworkset.spi.BaseApplicationContext] Unable to locate MessageSource with name 'messageSource': using default [org.frameworkset.spi.support.DelegatingMessageSource]
[2016-11-21 20:12:13][DEBUG][org.frameworkset.spi.BaseApplicationContext] Unable to locate MessageSource with name 'messageSource': using default [org.frameworkset.spi.support.DelegatingMessageSource]
[2016-11-21 20:12:13][DEBUG][org.frameworkset.web.token.TokenService] 加载认证证书[token.certificate]完毕.
[2016-11-21 20:12:13][DEBUG][org.frameworkset.security.session.impl.NullSessionListener] createSession session id:5e03231d49434eb4910b7d5623d519f5
[2016-11-21 20:12:29][DEBUG][org.frameworkset.security.session.impl.NullSessionListener] createSession session id:5f21809de53e4054ba609cae5b14ed94
[2016-11-21 20:18:42][DEBUG][org.frameworkset.spi.assemble.ProviderManagerInfo] class org.frameworkset.spi.interceptor.InterceptorFacttoryImpl not found in classpath,use DummyInterceptorFacttory. 
[2016-11-21 20:18:42][DEBUG][org.frameworkset.spi.BaseApplicationContext] Unable to locate MessageSource with name 'messageSource': using default [org.frameworkset.spi.support.DelegatingMessageSource]
[2016-11-21 20:18:42][DEBUG][org.frameworkset.spi.BaseApplicationContext] Unable to locate MessageSource with name 'messageSource': using default [org.frameworkset.spi.support.DelegatingMessageSource]
[2016-11-21 20:18:42][DEBUG][org.frameworkset.spi.BaseApplicationContext] Unable to locate MessageSource with name 'messageSource': using default [org.frameworkset.spi.support.DelegatingMessageSource]
[2016-11-21 21:13:08][DEBUG][org.frameworkset.spi.assemble.ProviderManagerInfo] class org.frameworkset.spi.interceptor.InterceptorFacttoryImpl not found in classpath,use DummyInterceptorFacttory. 
[2016-11-21 21:13:09][DEBUG][org.frameworkset.spi.BaseApplicationContext] Unable to locate MessageSource with name 'messageSource': using default [org.frameworkset.spi.support.DelegatingMessageSource]
[2016-11-21 21:13:09][DEBUG][org.frameworkset.spi.BaseApplicationContext] Unable to locate MessageSource with name 'messageSource': using default [org.frameworkset.spi.support.DelegatingMessageSource]
[2016-11-21 21:13:09][DEBUG][org.frameworkset.spi.BaseApplicationContext] Unable to locate MessageSource with name 'messageSource': using default [org.frameworkset.spi.support.DelegatingMessageSource]
[2016-11-21 21:13:09][DEBUG][org.frameworkset.spi.BaseApplicationContext] Unable to locate MessageSource with name 'messageSource': using default [org.frameworkset.spi.support.DelegatingMessageSource]
[2016-11-21 21:13:09][DEBUG][org.frameworkset.web.token.TokenService] 加载认证证书[token.certificate]完毕.
[2016-11-21 21:13:14][DEBUG][org.frameworkset.security.session.impl.NullSessionListener] createSession session id:3ff3606bf6d949028a01be36b3bdddb0
[2016-11-21 21:13:27][DEBUG][org.frameworkset.security.session.impl.NullSessionListener] createSession session id:4a8ae12f9c474ee3ba6b212e9374db43
[2016-11-21 21:14:15][DEBUG][org.frameworkset.security.session.impl.NullSessionListener] createSession session id:de820c9cdc394f2285aa8808ae9bd065
[2016-11-21 21:40:29][DEBUG][org.frameworkset.spi.assemble.ProviderManagerInfo] class org.frameworkset.spi.interceptor.InterceptorFacttoryImpl not found in classpath,use DummyInterceptorFacttory. 
[2016-11-21 21:40:29][DEBUG][org.frameworkset.spi.BaseApplicationContext] Unable to locate MessageSource with name 'messageSource': using default [org.frameworkset.spi.support.DelegatingMessageSource]
[2016-11-21 21:40:29][DEBUG][org.frameworkset.spi.BaseApplicationContext] Unable to locate MessageSource with name 'messageSource': using default [org.frameworkset.spi.support.DelegatingMessageSource]
[2016-11-21 21:40:29][DEBUG][org.frameworkset.spi.BaseApplicationContext] Unable to locate MessageSource with name 'messageSource': using default [org.frameworkset.spi.support.DelegatingMessageSource]
[2016-11-21 21:40:29][DEBUG][org.frameworkset.spi.BaseApplicationContext] Unable to locate MessageSource with name 'messageSource': using default [org.frameworkset.spi.support.DelegatingMessageSource]
[2016-11-21 21:40:29][DEBUG][org.frameworkset.web.token.TokenService] 加载认证证书[token.certificate]完毕.
[2016-11-21 21:40:46][DEBUG][org.frameworkset.security.session.impl.NullSessionListener] createSession session id:ebb0c5ee6e464a3d8c42e43f7351bbec
[2016-11-21 21:43:13][DEBUG][org.frameworkset.security.session.impl.NullSessionListener] createSession session id:5b850fb770074e8b9155ca3ec50ed88a
[2016-11-21 21:44:24][DEBUG][org.frameworkset.security.session.impl.NullSessionListener] createSession session id:3a1ff3da8806470491f62fbf6ca494b1
[2016-11-21 21:44:27][DEBUG][org.frameworkset.security.session.impl.NullSessionListener] createSession session id:0cdae666679a4015967053e6e7e8ab4e
[2016-11-21 21:53:47][DEBUG][org.frameworkset.security.session.impl.NullSessionListener] createSession session id:0814a955f57d404f89150d13d7f5e325
[2016-11-21 21:58:10][DEBUG][org.frameworkset.security.session.impl.NullSessionListener] createSession session id:7a499381c6344d16b6a24074a83ed040
[2016-11-21 22:09:33][DEBUG][org.frameworkset.security.session.impl.NullSessionListener] createSession session id:86684ffc7e294172b94b6eaec83dee53
[2016-11-21 22:20:26][DEBUG][org.frameworkset.spi.assemble.ProviderManagerInfo] class org.frameworkset.spi.interceptor.InterceptorFacttoryImpl not found in classpath,use DummyInterceptorFacttory. 
[2016-11-21 22:20:26][DEBUG][org.frameworkset.spi.BaseApplicationContext] Unable to locate MessageSource with name 'messageSource': using default [org.frameworkset.spi.support.DelegatingMessageSource]
[2016-11-21 22:20:26][DEBUG][org.frameworkset.spi.BaseApplicationContext] Unable to locate MessageSource with name 'messageSource': using default [org.frameworkset.spi.support.DelegatingMessageSource]
[2016-11-21 22:20:26][DEBUG][org.frameworkset.spi.BaseApplicationContext] Unable to locate MessageSource with name 'messageSource': using default [org.frameworkset.spi.support.DelegatingMessageSource]
[2016-11-21 22:20:26][DEBUG][org.frameworkset.spi.BaseApplicationContext] Unable to locate MessageSource with name 'messageSource': using default [org.frameworkset.spi.support.DelegatingMessageSource]
[2016-11-21 22:20:26][DEBUG][org.frameworkset.web.token.TokenService] 加载认证证书[token.certificate]完毕.
